This is pdfTeX, Version 3.141592653-2.6-1.40.22 (MiKTeX 21.6) (preloaded format=pdflatex 2021.8.11)  19 OCT 2021 17:14
entering extended mode
**./Liza_report_rewrite.tex
(Liza_report_rewrite.tex
LaTeX2e <2021-06-01>
L3 programming layer <2021-06-01>
(C:\Program Files\MiKTeX\tex/latex/stellenbosch\usthesis.cls
Document Class: usthesis 2014/11/28 v5.0 Stellenbosh Thesis class (DNJ ELS)
(C:\Program Files\MiKTeX\tex/latex/tools\calc.sty
Package: calc 2017/05/25 v4.3 Infix arithmetic (KKT,FJ)
\calc@Acount=\count182
\calc@Bcount=\count183
\calc@Adimen=\dimen138
\calc@Bdimen=\dimen139
\calc@Askip=\skip47
\calc@Bskip=\skip48
LaTeX Info: Redefining \setlength on input line 80.
LaTeX Info: Redefining \addtolength on input line 81.
\calc@Ccount=\count184
\calc@Cskip=\skip49
)
(C:\Program Files\MiKTeX\tex/generic/iftex\ifpdf.sty
Package: ifpdf 2019/10/25 v3.4 ifpdf legacy package. Use iftex instead.

(C:\Program Files\MiKTeX\tex/generic/iftex\iftex.sty
Package: iftex 2020/03/06 v1.0d TeX engine tests
))
Class usthesis Info: Input file 'usthesis.afr' loaded on input line 92.

(C:\Program Files\MiKTeX\tex/latex/stellenbosch\usthesis.afr
File: usthesis.afr 2014/11/28 v2.0 USthesis Afr defs (DNJ Els)
)
Class usthesis Info: Input file 'usthesis.eng' loaded on input line 95.

(C:\Program Files\MiKTeX\tex/latex/stellenbosch\usthesis.eng
File: usthesis.eng 2014/11/28 v2.0 USthesis Eng defs (DNJ Els)
)
(C:\Program Files\MiKTeX\tex/latex/base\book.cls
Document Class: book 2021/02/12 v1.4n Standard LaTeX document class
(C:\Program Files\MiKTeX\tex/latex/base\bk12.clo
File: bk12.clo 2021/02/12 v1.4n Standard LaTeX file (size option)
)
\c@part=\count185
\c@chapter=\count186
\c@section=\count187
\c@subsection=\count188
\c@subsubsection=\count189
\c@paragraph=\count190
\c@subparagraph=\count191
\c@figure=\count192
\c@table=\count193
\abovecaptionskip=\skip50
\belowcaptionskip=\skip51
\bibindent=\dimen140
)
\US@tdima=\skip52
\US@tdimb=\skip53
\US@tboxa=\box50
\US@tboxb=\box51
\c@US@tcnta=\count194
\c@US@tcntb=\count195
\US@month=\count196
\US@year=\count197
)
(C:\Program Files\MiKTeX\tex/latex/base\inputenc.sty
Package: inputenc 2021/02/14 v1.3d Input encoding file
\inpenc@prehook=\toks16
\inpenc@posthook=\toks17

(C:\Program Files\MiKTeX\tex/latex/base\latin1.def
File: latin1.def 2021/02/14 v1.3d Input encoding file
))
(C:\Program Files\MiKTeX\tex/generic/babel\babel.sty
Package: babel 2021/06/02 3.60 The Babel package

(C:\Program Files\MiKTeX\tex/generic/babel\babel.def
File: babel.def 2021/06/02 3.60 Babel common definitions
\babel@savecnt=\count198
\U@D=\dimen141
\l@unhyphenated=\language79

(C:\Program Files\MiKTeX\tex/generic/babel\txtbabel.def)
\bbl@readstream=\read2
)
\bbl@dirlevel=\count199

*************************************
* Local config file bblopts.cfg used
*
(C:\Program Files\MiKTeX\tex/latex/arabi\bblopts.cfg
File: bblopts.cfg 2005/09/08 v0.1 add Arabic and Farsi to "declared" options of
 babel
)
(C:\Program Files\MiKTeX\tex/latex/babel-dutch\afrikaans.ldf
Language: dutch 2020/10/29 v3.8j Dutch support from the babel system
Package babel Info: Making " an active character on input line 127.
)
(C:\Program Files\MiKTeX\tex/latex/babel-english\english.ldf
Language: english 2017/06/06 v3.3r English support from the babel system
Package babel Info: Hyphen rules for 'canadian' set to \l@english
(babel)             (\language0). Reported on input line 102.
Package babel Info: Hyphen rules for 'australian' set to \l@ukenglish
(babel)             (\language73). Reported on input line 105.
Package babel Info: Hyphen rules for 'newzealand' set to \l@ukenglish
(babel)             (\language73). Reported on input line 108.
))
(C:\Program Files\MiKTeX\tex/latex/amsmath\amsmath.sty
Package: amsmath 2021/04/20 v2.17j AMS math features
\@mathmargin=\skip54

For additional information on amsmath, use the `?' option.
(C:\Program Files\MiKTeX\tex/latex/amsmath\amstext.sty
Package: amstext 2000/06/29 v2.01 AMS text

(C:\Program Files\MiKTeX\tex/latex/amsmath\amsgen.sty
File: amsgen.sty 1999/11/30 v2.0 generic functions
\@emptytoks=\toks18
\ex@=\dimen142
))
(C:\Program Files\MiKTeX\tex/latex/amsmath\amsbsy.sty
Package: amsbsy 1999/11/29 v1.2d Bold Symbols
\pmbraise@=\dimen143
)
(C:\Program Files\MiKTeX\tex/latex/amsmath\amsopn.sty
Package: amsopn 2016/03/08 v2.02 operator names
)
\inf@bad=\count266
LaTeX Info: Redefining \frac on input line 234.
\uproot@=\count267
\leftroot@=\count268
LaTeX Info: Redefining \overline on input line 399.
\classnum@=\count269
\DOTSCASE@=\count270
LaTeX Info: Redefining \ldots on input line 496.
LaTeX Info: Redefining \dots on input line 499.
LaTeX Info: Redefining \cdots on input line 620.
\Mathstrutbox@=\box52
\strutbox@=\box53
\big@size=\dimen144
LaTeX Font Info:    Redeclaring font encoding OML on input line 743.
LaTeX Font Info:    Redeclaring font encoding OMS on input line 744.
\macc@depth=\count271
\c@MaxMatrixCols=\count272
\dotsspace@=\muskip16
\c@parentequation=\count273
\dspbrk@lvl=\count274
\tag@help=\toks19
\row@=\count275
\column@=\count276
\maxfields@=\count277
\andhelp@=\toks20
\eqnshift@=\dimen145
\alignsep@=\dimen146
\tagshift@=\dimen147
\tagwidth@=\dimen148
\totwidth@=\dimen149
\lineht@=\dimen150
\@envbody=\toks21
\multlinegap=\skip55
\multlinetaggap=\skip56
\mathdisplay@stack=\toks22
LaTeX Info: Redefining \[ on input line 2923.
LaTeX Info: Redefining \] on input line 2924.
)
(C:\Program Files\MiKTeX\tex/latex/amsfonts\amssymb.sty
Package: amssymb 2013/01/14 v3.01 AMS font symbols

(C:\Program Files\MiKTeX\tex/latex/amsfonts\amsfonts.sty
Package: amsfonts 2013/01/14 v3.01 Basic AMSFonts support
\symAMSa=\mathgroup4
\symAMSb=\mathgroup5
LaTeX Font Info:    Redeclaring math symbol \hbar on input line 98.
LaTeX Font Info:    Overwriting math alphabet `\mathfrak' in version `bold'
(Font)                  U/euf/m/n --> U/euf/b/n on input line 106.
))
(C:\Program Files\MiKTeX\tex/latex/base\fontenc.sty
Package: fontenc 2021/04/29 v2.0v Standard LaTeX package
)
(C:\Program Files\MiKTeX\tex/latex/base\textcomp.sty
Package: textcomp 2020/02/02 v2.0n Standard LaTeX package
)
(C:\Program Files\MiKTeX\tex/latex/tools\bm.sty
Package: bm 2021/04/25 v1.2e Bold Symbol Support (DPC/FMi)
\symboldoperators=\mathgroup6
\symboldletters=\mathgroup7
\symboldsymbols=\mathgroup8
Package bm Info: No bold for \OMX/cmex/m/n, using \pmb.
Package bm Info: No bold for \U/msa/m/n, using \pmb.
Package bm Info: No bold for \U/msb/m/n, using \pmb.
LaTeX Font Info:    Redeclaring math alphabet \mathbf on input line 149.
)
(C:\Program Files\MiKTeX\tex/latex/stellenbosch\usnomencl.sty
Package: usnomencl 2008/05/30 v1.1 Stellenbosh Thesis Nomenclature (DNJ ELS)
\USN@tdima=\skip57
\USN@NomGrpSep=\skip58
\NomGrpSep=\skip59
\NomItmSep=\skip60
\NomItmMrg=\skip61
\NomLblSep=\skip62
\UnitLabelWdth=\skip63
)
(C:\Program Files\MiKTeX\tex/latex/stellenbosch\usbib.sty
Package: usbib 2009/03/07 1.0 (DNJ Els)

(C:\Program Files\MiKTeX\tex/latex/natbib\natbib.sty
Package: natbib 2010/09/13 8.31b (PWD, AO)
\bibhang=\skip64
\bibsep=\skip65
LaTeX Info: Redefining \cite on input line 694.
\c@NAT@ctr=\count278
))
(C:\Program Files\MiKTeX\tex/latex/graphics\graphicx.sty
Package: graphicx 2020/12/05 v1.2c Enhanced LaTeX Graphics (DPC,SPQR)

(C:\Program Files\MiKTeX\tex/latex/graphics\keyval.sty
Package: keyval 2014/10/28 v1.15 key=value parser (DPC)
\KV@toks@=\toks23
)
(C:\Program Files\MiKTeX\tex/latex/graphics\graphics.sty
Package: graphics 2021/03/04 v1.4d Standard LaTeX Graphics (DPC,SPQR)

(C:\Program Files\MiKTeX\tex/latex/graphics\trig.sty
Package: trig 2016/01/03 v1.10 sin cos tan (DPC)
)
(C:\Program Files\MiKTeX\tex/latex/graphics-cfg\graphics.cfg
File: graphics.cfg 2016/06/04 v1.11 sample graphics configuration
)
Package graphics Info: Driver file: pdftex.def on input line 107.

(C:\Program Files\MiKTeX\tex/latex/graphics-def\pdftex.def
File: pdftex.def 2020/10/05 v1.2a Graphics/color driver for pdftex
))
\Gin@req@height=\dimen151
\Gin@req@width=\dimen152
)
(C:\Program Files\MiKTeX\tex/latex/graphics\color.sty
Package: color 2020/02/24 v1.2b Standard LaTeX Color (DPC)

(C:\Program Files\MiKTeX\tex/latex/graphics-cfg\color.cfg
File: color.cfg 2016/01/02 v1.6 sample color configuration
)
Package color Info: Driver file: pdftex.def on input line 149.
)
(C:\Program Files\MiKTeX\tex/latex/float\float.sty
Package: float 2001/11/08 v1.3d Float enhancements (AL)
\c@float@type=\count279
\float@exts=\toks24
\float@box=\box54
\@float@everytoks=\toks25
\@floatcapt=\box55
)
(C:\Program Files\MiKTeX\tex/latex/stellenbosch\ussummary.sty
Package: ussummary 2006/03/08 v1.0a Stellenbosh Mech Eng Summary page (DNJ ELS)


(C:\Program Files\MiKTeX\tex/latex/tools\array.sty
Package: array 2021/04/20 v2.5e Tabular extension package (FMi)
\col@sep=\dimen153
\ar@mcellbox=\box56
\extrarowheight=\dimen154
\NC@list=\toks26
\extratabsurround=\skip66
\backup@length=\skip67
\ar@cellbox=\box57
)
(C:\Program Files\MiKTeX\tex/latex/tools\longtable.sty
Package: longtable 2021-05-07 v4.16 Multi-page Table package (DPC)
\LTleft=\skip68
\LTright=\skip69
\LTpre=\skip70
\LTpost=\skip71
\LTchunksize=\count280
\LTcapwidth=\dimen155
\LT@head=\box58
\LT@firsthead=\box59
\LT@foot=\box60
\LT@lastfoot=\box61
\LT@gbox=\box62
\LT@cols=\count281
\LT@rows=\count282
\c@LT@tables=\count283
\c@LT@chunks=\count284
\LT@p@ftn=\toks27
)
(C:\Program Files\MiKTeX\tex/latex/colortbl\colortbl.sty
Package: colortbl 2020/01/04 v1.0e Color table columns (DPC)
\everycr=\toks28
\minrowclearance=\skip72
)
\USS@tdima=\skip73
\USS@tdimb=\skip74
)
(C:\Program Files\MiKTeX\tex/latex/eso-pic\eso-pic.sty
Package: eso-pic 2020/10/14 v3.0a eso-pic (RN)
\ESO@tempdima=\dimen156
\ESO@tempdimb=\dimen157
)
(C:\Program Files\MiKTeX\tex/latex/hyperref\hyperref.sty
Package: hyperref 2021-06-05 v7.00l Hypertext links for LaTeX

(C:\Program Files\MiKTeX\tex/generic/ltxcmds\ltxcmds.sty
Package: ltxcmds 2020-05-10 v1.25 LaTeX kernel commands for general use (HO)
)
(C:\Program Files\MiKTeX\tex/generic/pdftexcmds\pdftexcmds.sty
Package: pdftexcmds 2020-06-27 v0.33 Utility functions of pdfTeX for LuaTeX (HO
)

(C:\Program Files\MiKTeX\tex/generic/infwarerr\infwarerr.sty
Package: infwarerr 2019/12/03 v1.5 Providing info/warning/error messages (HO)
)
Package pdftexcmds Info: \pdf@primitive is available.
Package pdftexcmds Info: \pdf@ifprimitive is available.
Package pdftexcmds Info: \pdfdraftmode found.
)
(C:\Program Files\MiKTeX\tex/generic/kvsetkeys\kvsetkeys.sty
Package: kvsetkeys 2019/12/15 v1.18 Key value parser (HO)
)
(C:\Program Files\MiKTeX\tex/generic/kvdefinekeys\kvdefinekeys.sty
Package: kvdefinekeys 2019-12-19 v1.6 Define keys (HO)
)
(C:\Program Files\MiKTeX\tex/generic/pdfescape\pdfescape.sty
Package: pdfescape 2019/12/09 v1.15 Implements pdfTeX's escape features (HO)
)
(C:\Program Files\MiKTeX\tex/latex/hycolor\hycolor.sty
Package: hycolor 2020-01-27 v1.10 Color options for hyperref/bookmark (HO)
)
(C:\Program Files\MiKTeX\tex/latex/letltxmacro\letltxmacro.sty
Package: letltxmacro 2019/12/03 v1.6 Let assignment for LaTeX macros (HO)
)
(C:\Program Files\MiKTeX\tex/latex/auxhook\auxhook.sty
Package: auxhook 2019-12-17 v1.6 Hooks for auxiliary files (HO)
)
(C:\Program Files\MiKTeX\tex/latex/kvoptions\kvoptions.sty
Package: kvoptions 2020-10-07 v3.14 Key value format for package options (HO)
)
\@linkdim=\dimen158
\Hy@linkcounter=\count285
\Hy@pagecounter=\count286

(C:\Program Files\MiKTeX\tex/latex/hyperref\pd1enc.def
File: pd1enc.def 2021-06-05 v7.00l Hyperref: PDFDocEncoding definition (HO)
Now handling font encoding PD1 ...
... no UTF-8 mapping file for font encoding PD1
)
(C:\Program Files\MiKTeX\tex/latex/hyperref\hyperref-langpatches.def
File: hyperref-langpatches.def 2021-06-05 v7.00l Hyperref: patches for babel la
nguages
)
(C:\Program Files\MiKTeX\tex/generic/intcalc\intcalc.sty
Package: intcalc 2019/12/15 v1.3 Expandable calculations with integers (HO)
)
(C:\Program Files\MiKTeX\tex/generic/etexcmds\etexcmds.sty
Package: etexcmds 2019/12/15 v1.7 Avoid name clashes with e-TeX commands (HO)
)
\Hy@SavedSpaceFactor=\count287

(C:\Program Files\MiKTeX\tex/latex/hyperref\puenc.def
File: puenc.def 2021-06-05 v7.00l Hyperref: PDF Unicode definition (HO)
Now handling font encoding PU ...
... no UTF-8 mapping file for font encoding PU
)
Package hyperref Info: Hyper figures OFF on input line 4192.
Package hyperref Info: Link nesting OFF on input line 4197.
Package hyperref Info: Hyper index ON on input line 4200.
Package hyperref Info: Plain pages OFF on input line 4207.
Package hyperref Info: Backreferencing OFF on input line 4212.
Package hyperref Info: Implicit mode ON; LaTeX internals redefined.
Package hyperref Info: Bookmarks ON on input line 4445.
\c@Hy@tempcnt=\count288

(C:\Program Files\MiKTeX\tex/latex/url\url.sty
\Urlmuskip=\muskip17
Package: url 2013/09/16  ver 3.4  Verb mode for urls, etc.
)
LaTeX Info: Redefining \url on input line 4804.
\XeTeXLinkMargin=\dimen159

(C:\Program Files\MiKTeX\tex/generic/bitset\bitset.sty
Package: bitset 2019/12/09 v1.3 Handle bit-vector datatype (HO)

(C:\Program Files\MiKTeX\tex/generic/bigintcalc\bigintcalc.sty
Package: bigintcalc 2019/12/15 v1.5 Expandable calculations on big integers (HO
)
))
\Fld@menulength=\count289
\Field@Width=\dimen160
\Fld@charsize=\dimen161
Package hyperref Info: Hyper figures OFF on input line 6076.
Package hyperref Info: Link nesting OFF on input line 6081.
Package hyperref Info: Hyper index ON on input line 6084.
Package hyperref Info: backreferencing OFF on input line 6091.
Package hyperref Info: Link coloring OFF on input line 6096.
Package hyperref Info: Link coloring with OCG OFF on input line 6101.
Package hyperref Info: PDF/A mode OFF on input line 6106.
LaTeX Info: Redefining \ref on input line 6146.
LaTeX Info: Redefining \pageref on input line 6150.

(C:\Program Files\MiKTeX\tex/latex/base\atbegshi-ltx.sty
Package: atbegshi-ltx 2021/01/10 v1.0c Emulation of the original atbegshi
package with kernel methods
)
\Hy@abspage=\count290
\c@Item=\count291
\c@Hfootnote=\count292
)
Package hyperref Info: Driver (autodetected): hpdftex.

(C:\Program Files\MiKTeX\tex/latex/hyperref\hpdftex.def
File: hpdftex.def 2021-06-05 v7.00l Hyperref driver for pdfTeX

(C:\Program Files\MiKTeX\tex/latex/base\atveryend-ltx.sty
Package: atveryend-ltx 2020/08/19 v1.0a Emulation of the original atvery packag
e
with kernel methods
)
\Fld@listcount=\count293
\c@bookmark@seq@number=\count294

(C:\Program Files\MiKTeX\tex/latex/rerunfilecheck\rerunfilecheck.sty
Package: rerunfilecheck 2019/12/05 v1.9 Rerun checks for auxiliary files (HO)

(C:\Program Files\MiKTeX\tex/generic/uniquecounter\uniquecounter.sty
Package: uniquecounter 2019/12/15 v1.4 Provide unlimited unique counter (HO)
)
Package uniquecounter Info: New unique counter `rerunfilecheck' on input line 2
86.
)
\Hy@SectionHShift=\skip75
)
(C:\Program Files\MiKTeX\tex/latex/listings\listings.sty
\lst@mode=\count295
\lst@gtempboxa=\box63
\lst@token=\toks29
\lst@length=\count296
\lst@currlwidth=\dimen162
\lst@column=\count297
\lst@pos=\count298
\lst@lostspace=\dimen163
\lst@width=\dimen164
\lst@newlines=\count299
\lst@lineno=\count300
\lst@maxwidth=\dimen165

(C:\Program Files\MiKTeX\tex/latex/listings\lstmisc.sty
File: lstmisc.sty 2020/03/24 1.8d (Carsten Heinz)
\c@lstnumber=\count301
\lst@skipnumbers=\count302
\lst@framebox=\box64
)
(C:\Program Files\MiKTeX\tex/latex/listings\listings.cfg
File: listings.cfg 2020/03/24 1.8d listings configuration
))
Package: listings 2020/03/24 1.8d (Carsten Heinz)

(C:\Program Files\MiKTeX\tex/latex/listings\lstlang1.sty
File: lstlang1.sty 2020/03/24 1.8d listings language file
)
(C:\Program Files\MiKTeX\tex/latex/mathtools\mathtools.sty
Package: mathtools 2021/04/12 v1.27 mathematical typesetting tools

(C:\Program Files\MiKTeX\tex/latex/mathtools\mhsetup.sty
Package: mhsetup 2021/03/18 v1.4 programming setup (MH)
)
LaTeX Info: Thecontrolsequence`\('isalreadyrobust on input line 130.
LaTeX Info: Thecontrolsequence`\)'isalreadyrobust on input line 130.
LaTeX Info: Thecontrolsequence`\['isalreadyrobust on input line 130.
LaTeX Info: Thecontrolsequence`\]'isalreadyrobust on input line 130.
\g_MT_multlinerow_int=\count303
\l_MT_multwidth_dim=\dimen166
\origjot=\skip76
\l_MT_shortvdotswithinadjustabove_dim=\dimen167
\l_MT_shortvdotswithinadjustbelow_dim=\dimen168
\l_MT_above_intertext_sep=\dimen169
\l_MT_below_intertext_sep=\dimen170
\l_MT_above_shortintertext_sep=\dimen171
\l_MT_below_shortintertext_sep=\dimen172
\xmathstrut@box=\box65
\xmathstrut@dim=\dimen173
)
(C:\Program Files\MiKTeX\tex/latex/blkarray\blkarray.sty
Package: blkarray 2015/02/27 v0.07 Block array (dpc)
\c@BAenumi=\count304
\BA@col=\count305
\BA@block@cnt=\count306
\BA@final@box=\box66
\BA@first@box=\box67
\BA@colsep=\dimen174
\BA@ftn=\toks30
\BAextrarowheight=\dimen175
\BAextraheightafterhline=\dimen176
\BAarrayrulewidth=\dimen177
\BAdoublerulesep=\dimen178
\BAfootskip=\dimen179
\BA@dashbox=\box68
\BA@ddashbox=\box69
)
(C:\Program Files\MiKTeX\tex/latex/multirow\bigstrut.sty
Package: bigstrut 2021/03/15 v2.8 Provide larger struts in tabulars
\bigstrutjot=\dimen180
)
(C:\Program Files\MiKTeX\tex/latex/subfigure\subfigure.sty
Package: subfigure 2002/07/30 v2.1.4 subfigure package
\subfigtopskip=\skip77
\subfigcapskip=\skip78
\subfigcaptopadj=\dimen181
\subfigbottomskip=\skip79
\subfigcapmargin=\dimen182
\subfiglabelskip=\skip80
\c@subfigure=\count307
\c@lofdepth=\count308
\c@subtable=\count309
\c@lotdepth=\count310

****************************************
* Local config file subfigure.cfg used *
****************************************
(C:\Program Files\MiKTeX\tex/latex/subfigure\subfigure.cfg)
\subfig@top=\skip81
\subfig@bottom=\skip82
)
(C:\Program Files\MiKTeX\tex/latex/booktabs\booktabs.sty
Package: booktabs 2020/01/12 v1.61803398 Publication quality tables
\heavyrulewidth=\dimen183
\lightrulewidth=\dimen184
\cmidrulewidth=\dimen185
\belowrulesep=\dimen186
\belowbottomsep=\dimen187
\aboverulesep=\dimen188
\abovetopsep=\dimen189
\cmidrulesep=\dimen190
\cmidrulekern=\dimen191
\defaultaddspace=\dimen192
\@cmidla=\count311
\@cmidlb=\count312
\@aboverulesep=\dimen193
\@belowrulesep=\dimen194
\@thisruleclass=\count313
\@lastruleclass=\count314
\@thisrulewidth=\dimen195
)
(C:\Program Files\MiKTeX\tex/latex/xcolor\xcolor.sty
Package: xcolor 2016/05/11 v2.12 LaTeX color extensions (UK)

(C:\Program Files\MiKTeX\tex/latex/graphics-cfg\color.cfg
File: color.cfg 2016/01/02 v1.6 sample color configuration
)
Package xcolor Info: Driver file: pdftex.def on input line 225.
LaTeX Info: Redefining \color on input line 709.
Package xcolor Info: Model `cmy' substituted by `cmy0' on input line 1348.
Package xcolor Info: Model `hsb' substituted by `rgb' on input line 1352.
Package xcolor Info: Model `RGB' extended on input line 1364.
Package xcolor Info: Model `HTML' substituted by `rgb' on input line 1366.
Package xcolor Info: Model `Hsb' substituted by `hsb' on input line 1367.
Package xcolor Info: Model `tHsb' substituted by `hsb' on input line 1368.
Package xcolor Info: Model `HSB' substituted by `hsb' on input line 1369.
Package xcolor Info: Model `Gray' substituted by `gray' on input line 1370.
Package xcolor Info: Model `wave' substituted by `hsb' on input line 1371.
)
(C:\Program Files\MiKTeX\tex/latex/l3backend\l3backend-pdftex.def
File: l3backend-pdftex.def 2021-05-07 L3 backend support: PDF output (pdfTeX)
\l__color_backend_stack_int=\count315
\l__pdf_internal_box=\box70
)
(Liza_report_rewrite.aux (verklaring.aux) (abstract.aux) (nomenkl.aux)
(Introduction.aux) (techfoundation.aux) (implementation.aux) (results.aux)
(discussion.aux) (Conclusion.aux) (mcmcCode.aux) (result_app.aux

LaTeX Warning: Label `data_newk' multiply defined.

) (derive_app.aux) (Program.aux) (GA_outcomes.aux))
\openout1 = `Liza_report_rewrite.aux'.

LaTeX Font Info:    Checking defaults for OML/cmm/m/it on input line 137.
LaTeX Font Info:    ... okay on input line 137.
LaTeX Font Info:    Checking defaults for OMS/cmsy/m/n on input line 137.
LaTeX Font Info:    ... okay on input line 137.
LaTeX Font Info:    Checking defaults for OT1/cmr/m/n on input line 137.
LaTeX Font Info:    ... okay on input line 137.
LaTeX Font Info:    Checking defaults for T1/cmr/m/n on input line 137.
LaTeX Font Info:    ... okay on input line 137.
LaTeX Font Info:    Checking defaults for TS1/cmr/m/n on input line 137.
LaTeX Font Info:    ... okay on input line 137.
LaTeX Font Info:    Checking defaults for OMX/cmex/m/n on input line 137.
LaTeX Font Info:    ... okay on input line 137.
LaTeX Font Info:    Checking defaults for U/cmr/m/n on input line 137.
LaTeX Font Info:    ... okay on input line 137.
LaTeX Font Info:    Checking defaults for PD1/pdf/m/n on input line 137.
LaTeX Font Info:    ... okay on input line 137.
LaTeX Font Info:    Checking defaults for PU/pdf/m/n on input line 137.
LaTeX Font Info:    ... okay on input line 137.

(C:\Program Files\MiKTeX\tex/context/base/mkii\supp-pdf.mkii
[Loading MPS to PDF converter (version 2006.09.02).]
\scratchcounter=\count316
\scratchdimen=\dimen196
\scratchbox=\box71
\nofMPsegments=\count317
\nofMParguments=\count318
\everyMPshowfont=\toks31
\MPscratchCnt=\count319
\MPscratchDim=\dimen197
\MPnumerator=\count320
\makeMPintoPDFobject=\count321
\everyMPtoPDFconversion=\toks32
) (C:\Program Files\MiKTeX\tex/latex/epstopdf-pkg\epstopdf-base.sty
Package: epstopdf-base 2020-01-24 v2.11 Base part for package epstopdf
Package epstopdf-base Info: Redefining graphics rule for `.eps' on input line 4
85.

(C:\Program Files\MiKTeX\tex/latex/00miktex\epstopdf-sys.cfg
File: epstopdf-sys.cfg 2021/03/18 v2.0 Configuration of epstopdf for MiKTeX
))
Package hyperref Info: Link coloring OFF on input line 137.

(C:\Program Files\MiKTeX\tex/latex/hyperref\nameref.sty
Package: nameref 2021-04-02 v2.47 Cross-referencing by name of section

(C:\Program Files\MiKTeX\tex/latex/refcount\refcount.sty
Package: refcount 2019/12/15 v3.6 Data extraction from label references (HO)
)
(C:\Program Files\MiKTeX\tex/generic/gettitlestring\gettitlestring.sty
Package: gettitlestring 2019/12/15 v1.6 Cleanup title references (HO)
)
\c@section@level=\count322
)
LaTeX Info: Redefining \ref on input line 137.
LaTeX Info: Redefining \pageref on input line 137.
LaTeX Info: Redefining \nameref on input line 137.

(Liza_report_rewrite.out) (Liza_report_rewrite.out)
\@outlinefile=\write3
\openout3 = `Liza_report_rewrite.out'.

\c@lstlisting=\count323
<USlogo-top.pdf, id=191, 560.0925pt x 183.68625pt>
File: USlogo-top.pdf Graphic file (type pdf)
<use USlogo-top.pdf>
Package pdftex.def Info: USlogo-top.pdf  used on input line 141.
(pdftex.def)             Requested size: 284.52756pt x 93.31717pt.
LaTeX Font Info:    Trying to load font information for U+msa on input line 141
.

(C:\Program Files\MiKTeX\tex/latex/amsfonts\umsa.fd
File: umsa.fd 2013/01/14 v3.01 AMS symbols A
)
LaTeX Font Info:    Trying to load font information for U+msb on input line 141
.

(C:\Program Files\MiKTeX\tex/latex/amsfonts\umsb.fd
File: umsb.fd 2013/01/14 v3.01 AMS symbols B
) [1



{C:/Users/Liza Stewart/AppData/Local/MiKTeX/pdftex/config/pdftex.map} <C:/Progr
am Files/MiKTeX/tex/latex/stellenbosch/logos/USlogo-top.pdf>]
\openout2 = `verklaring.aux'.

 (verklaring.tex)pdfTeX warning (ext4): destination with the same identifier (n
ame{page.i}) has been already used, duplicate ignored
<to be read again> 
                   \relax 
l.143 \include{verklaring}
                           [1


]
\openout2 = `abstract.aux'.

 (abstract.tex) [2




]

Package hyperref Warning: old toc file detected, not used; run LaTeX again.

\tf@toc=\write4
\openout4 = `Liza_report_rewrite.toc'.

[3



]

Package hyperref Warning: old lof file detected, not used; run LaTeX again.

\tf@lof=\write5
\openout5 = `Liza_report_rewrite.lof'.

[4

]

Package hyperref Warning: old lot file detected, not used; run LaTeX again.

\tf@lot=\write6
\openout6 = `Liza_report_rewrite.lot'.

[5

]
\openout2 = `nomenkl.aux'.

 (nomenkl.tex) [6


]
\openout2 = `Introduction.aux'.

 (Introduction.tex
Chapter 1.
Runaway argument?
{\@firstoffive }\fi , the conductivity cannot be linearly modelled. T\ETC.
! Paragraph ended before \Hy@setref@link was complete.
<to be read again> 
                   \par 
l.22 
     
I suspect you've forgotten a `}', causing me to apply this
control sequence to too much text. How can we recover?
My plan is to forget the whole thing and hope for the best.

[1





]
<figures/Eurok.png, id=262, 315.42844pt x 385.44pt>
File: figures/Eurok.png Graphic file (type png)
<use figures/Eurok.png>
Package pdftex.def Info: figures/Eurok.png  used on input line 33.
(pdftex.def)             Requested size: 199.0pt x 243.1696pt.
 [2 <./figures/Eurok.png>]) [3]
! Extra \else.
\@include ...ediate \closeout \@partaux \fi \else 
                                                  \deadcycles \z@ \@nameuse ...
l.157  \include{Introduction}
                             
I'm ignoring this; it doesn't match any \if.

\openout2 = `techfoundation.aux'.

(techfoundation.tex
Chapter 2.
[5




]
Runaway argument?
{\@firstoffive }\fi ) and char (Equation \ref {charconeq}). 
! Paragraph ended before \Hy@setref@link was complete.
<to be read again> 
                   \par 
l.45 
     
I suspect you've forgotten a `}', causing me to apply this
control sequence to too much text. How can we recover?
My plan is to forget the whole thing and hope for the best.

Runaway argument?
{\@firstoffive }\fi ) are obtained. \begin {equation}\label {shiK} \kappa \ETC.
! Paragraph ended before \Hy@setref@link was complete.
<to be read again> 
                   \par 
l.82 
     
I suspect you've forgotten a `}', causing me to apply this
control sequence to too much text. How can we recover?
My plan is to forget the whole thing and hope for the best.

Runaway argument?
{\@firstoffive }\fi : 
! Paragraph ended before \Hy@setref@link was complete.
<to be read again> 
                   \par 
l.91 	
      
I suspect you've forgotten a `}', causing me to apply this
control sequence to too much text. How can we recover?
My plan is to forget the whole thing and hope for the best.

Runaway argument?
{\@firstoffive }\fi : 
! Paragraph ended before \Hy@setref@link was complete.
<to be read again> 
                   \par 
l.98 
     
I suspect you've forgotten a `}', causing me to apply this
control sequence to too much text. How can we recover?
My plan is to forget the whole thing and hope for the best.

[6]
Runaway argument?
{\@firstoffive }\fi , knowing the specific heat capacity and density \ETC.
! Paragraph ended before \Hy@setref@link was complete.
<to be read again> 
                   \par 
l.109 
      
I suspect you've forgotten a `}', causing me to apply this
control sequence to too much text. How can we recover?
My plan is to forget the whole thing and hope for the best.

[7]
Runaway argument?
{\@firstoffive }\fi  taken from Kaipio. 
! Paragraph ended before \Hy@setref@link was complete.
<to be read again> 
                   \par 
l.164 	
       
I suspect you've forgotten a `}', causing me to apply this
control sequence to too much text. How can we recover?
My plan is to forget the whole thing and hope for the best.

[8]
Runaway argument?
{\@firstoffive }\fi  \section {Markov Chain Monte Carlo} \label {MCMC\ETC.
! Paragraph ended before \Hy@setref@link was complete.
<to be read again> 
                   \par 
l.195 	
       
I suspect you've forgotten a `}', causing me to apply this
control sequence to too much text. How can we recover?
My plan is to forget the whole thing and hope for the best.

Runaway argument?
{\@firstoffive }\fi  and comes from Kaipio. 
! Paragraph ended before \Hy@setref@link was complete.
<to be read again> 
                   \par 
l.220 	
       
I suspect you've forgotten a `}', causing me to apply this
control sequence to too much text. How can we recover?
My plan is to forget the whole thing and hope for the best.

[9]
LaTeX Font Info:    Trying to load font information for T1+cmtt on input line 2
32.
 (C:\Program Files\MiKTeX\tex/latex/base\t1cmtt.fd
File: t1cmtt.fd 2019/12/16 v2.5j Standard LaTeX font definitions
)
Overfull \hbox (22.76944pt too wide) in paragraph at lines 237--240
[]\T1/cmr/m/n/12 According to the \T1/cmtt/m/n/12 fminsearch \T1/cmr/m/n/12 Mat
-lab doc-u-men-ta-tion ([]$\T1/cmtt/m/n/12 https : / / ch . mathworks .
 []

[10]
Runaway argument?
{\@firstoffive }\fi , the different transformations can be seen. 
! Paragraph ended before \Hy@setref@link was complete.
<to be read again> 
                   \par 
l.258 
      
I suspect you've forgotten a `}', causing me to apply this
control sequence to too much text. How can we recover?
My plan is to forget the whole thing and hope for the best.

<figures/MAP_expl.png, id=385, 597.432pt x 421.0932pt>
File: figures/MAP_expl.png Graphic file (type png)
<use figures/MAP_expl.png>
Package pdftex.def Info: figures/MAP_expl.png  used on input line 261.
(pdftex.def)             Requested size: 398.0pt x 280.53105pt.

Underfull \hbox (badness 10000) in paragraph at lines 262--262
[][]\T1/cmr/bx/n/10.95 Figure 2.1: []\T1/cmr/m/n/10.95 Visual rep-re-sen-ta-tio
n of Nedler-Mead trans-for-ma-tions
 []


Underfull \hbox (badness 10000) in paragraph at lines 262--262
\T1/cmr/m/n/10.95 a) Re-flec-tion, b) Ex-pan-sion, c) Con-trac-tion, d) Shrink 
con-trac-tion
 []


Overfull \hbox (36.3784pt too wide) in paragraph at lines 262--262
\T1/cmr/m/n/10.95 (Source:[]$\T1/cmtt/m/n/10.95 https : / / codesachin . wordpr
ess . com / 2016 / 01 / 16 / nelder-[]mead-[]optimization/$[]\T1/cmr/m/n/10.95 
)[] 
 []

) [11 <./figures/MAP_expl.png>]
! Extra \else.
\@include ...ediate \closeout \@partaux \fi \else 
                                                  \deadcycles \z@ \@nameuse ...
l.158  \include{techfoundation}
                               
I'm ignoring this; it doesn't match any \if.

\openout2 = `implementation.aux'.

(implementation.tex
Chapter 3.
Runaway argument?
{\@firstoffive }\fi . \section {Existing data} The data used was acqu\ETC.
! Paragraph ended before \Hy@setref@link was complete.
<to be read again> 
                   \par 
l.36 
     
I suspect you've forgotten a `}', causing me to apply this
control sequence to too much text. How can we recover?
My plan is to forget the whole thing and hope for the best.


Package hyperref Warning: Difference (2) between bookmark levels is greater 
(hyperref)                than one, level fixed on input line 37.

Runaway argument?
{\@firstoffive }\fi . This model is used to determine the likelihood \ETC.
! Paragraph ended before \Hy@setref@link was complete.
<to be read again> 
                   \par 
l.72 	
      
I suspect you've forgotten a `}', causing me to apply this
control sequence to too much text. How can we recover?
My plan is to forget the whole thing and hope for the best.

[14




]
<figures/originalmugraph.jpg, id=402, 1049.42062pt x 702.37407pt>
File: figures/originalmugraph.jpg Graphic file (type jpg)
<use figures/originalmugraph.jpg>
Package pdftex.def Info: figures/originalmugraph.jpg  used on input line 79.
(pdftex.def)             Requested size: 398.0pt x 266.37978pt.
<figures/fem_sketch.png, id=403, 484.81125pt x 143.03438pt>
File: figures/fem_sketch.png Graphic file (type png)
<use figures/fem_sketch.png>
Package pdftex.def Info: figures/fem_sketch.png  used on input line 95.
(pdftex.def)             Requested size: 298.5pt x 88.07146pt.
 [15 <./figures/originalmugraph.jpg>]
Runaway argument?
{\@firstoffive }\fi  (1) over the length of the element(shown in Figu\ETC.
! Paragraph ended before \Hy@setref@link was complete.
<to be read again> 
                   \par 
l.130 
      
I suspect you've forgotten a `}', causing me to apply this
control sequence to too much text. How can we recover?
My plan is to forget the whole thing and hope for the best.

<figures/fem_fire_sketch.png, id=412, 860.46469pt x 191.21437pt>
File: figures/fem_fire_sketch.png Graphic file (type png)
<use figures/fem_fire_sketch.png>
Package pdftex.def Info: figures/fem_fire_sketch.png  used on input line 155.
(pdftex.def)             Requested size: 298.5pt x 66.33372pt.
[16 <./figures/fem_sketch.png (PNG copy)>]
Runaway argument?
{\@firstoffive }\fi  In the air elements, both heat convection and he\ETC.
! Paragraph ended before \Hy@setref@link was complete.
<to be read again> 
                   \par 
l.164 	
       
I suspect you've forgotten a `}', causing me to apply this
control sequence to too much text. How can we recover?
My plan is to forget the whole thing and hope for the best.

Runaway argument?
{\@firstoffive }\fi . \begin {equation} \label {femboundeq1} q_{\text \ETC.
! Paragraph ended before \Hy@setref@link was complete.
<to be read again> 
                   \par 
l.196 	
       
I suspect you've forgotten a `}', causing me to apply this
control sequence to too much text. How can we recover?
My plan is to forget the whole thing and hope for the best.

Runaway argument?
{\@firstoffive }\fi  below the mathematical application is explained \ETC.
! Paragraph ended before \Hy@setref@link was complete.
<to be read again> 
                   \par 
l.204 
      
I suspect you've forgotten a `}', causing me to apply this
control sequence to too much text. How can we recover?
My plan is to forget the whole thing and hope for the best.

[17 <./figures/fem_fire_sketch.png>]
Runaway argument?
{\@firstoffive }\fi  a special approximation is made to obtain Equati\ETC.
! Paragraph ended before \Hy@setref@link was complete.
<to be read again> 
                   \par 
l.231 
      
I suspect you've forgotten a `}', causing me to apply this
control sequence to too much text. How can we recover?
My plan is to forget the whole thing and hope for the best.


Package natbib Warning: Citation `Hughes:1987' on page 18 undefined on input li
ne 268.

Runaway argument?
{\@firstoffive }\fi . 
! Paragraph ended before \Hy@setref@link was complete.
<to be read again> 
                   \par 
l.269 
      
I suspect you've forgotten a `}', causing me to apply this
control sequence to too much text. How can we recover?
My plan is to forget the whole thing and hope for the best.

Runaway argument?
{\@firstoffive }\fi . \begin {equation}\label {solveeq2} \vec {K}\cdot \ETC.
! Paragraph ended before \Hy@setref@link was complete.
<to be read again> 
                   \par 
l.275 
      
I suspect you've forgotten a `}', causing me to apply this
control sequence to too much text. How can we recover?
My plan is to forget the whole thing and hope for the best.

Runaway argument?
{\@firstoffive }\fi . 
! Paragraph ended before \Hy@setref@link was complete.
<to be read again> 
                   \par 
l.277 
      
I suspect you've forgotten a `}', causing me to apply this
control sequence to too much text. How can we recover?
My plan is to forget the whole thing and hope for the best.

Runaway argument?
{\@firstoffive }\fi . 
! Paragraph ended before \Hy@setref@link was complete.
<to be read again> 
                   \par 
l.294 	
       
I suspect you've forgotten a `}', causing me to apply this
control sequence to too much text. How can we recover?
My plan is to forget the whole thing and hope for the best.

Runaway argument?
{\@firstoffive }\fi . The global variable \texttt {kpine} was left un\ETC.
! Paragraph ended before \Hy@setref@link was complete.
<to be read again> 
                   \par 
l.306 	
       
I suspect you've forgotten a `}', causing me to apply this
control sequence to too much text. How can we recover?
My plan is to forget the whole thing and hope for the best.


Overfull \hbox (23.8174pt too wide) in paragraph at lines 295--306
\T1/cmr/m/n/12 fined. The defin-ing of vari-ables was moved into a new func-tio
n \T1/cmtt/m/n/12 instantiate_all.m\T1/cmr/m/n/12 ,
 []

[18]
Runaway argument?
{\@firstoffive }\fi  below. Each aspect of this equation below will b\ETC.
! Paragraph ended before \Hy@setref@link was complete.
<to be read again> 
                   \par 
l.319 
      
I suspect you've forgotten a `}', causing me to apply this
control sequence to too much text. How can we recover?
My plan is to forget the whole thing and hope for the best.

Runaway argument?
{\@firstoffive }\fi  ) is based on the $\kappa $-values assumed prior\ETC.
! Paragraph ended before \Hy@setref@link was complete.
<to be read again> 
                   \par 
l.335 
      
I suspect you've forgotten a `}', causing me to apply this
control sequence to too much text. How can we recover?
My plan is to forget the whole thing and hope for the best.

Runaway argument?
{\@firstoffive }\fi ) refers to a vector of randomised $\kappa $-valu\ETC.
! Paragraph ended before \Hy@setref@link was complete.
<to be read again> 
                   \par 
l.360 
      
I suspect you've forgotten a `}', causing me to apply this
control sequence to too much text. How can we recover?
My plan is to forget the whole thing and hope for the best.

[19]
Runaway argument?
{\@firstoffive }\fi . This function will output the probability of th\ETC.
! Paragraph ended before \Hy@setref@link was complete.
<to be read again> 
                   \par 
l.379 		
        
I suspect you've forgotten a `}', causing me to apply this
control sequence to too much text. How can we recover?
My plan is to forget the whole thing and hope for the best.

Runaway argument?
{\@firstoffive }\fi ) are: how a value is deemed acceptable (Monte Ca\ETC.
! Paragraph ended before \Hy@setref@link was complete.
<to be read again> 
                   \par 
l.385 
      
I suspect you've forgotten a `}', causing me to apply this
control sequence to too much text. How can we recover?
My plan is to forget the whole thing and hope for the best.

Runaway argument?
{\@firstoffive }\fi , the actual problem is quite more complex. For t\ETC.
! Paragraph ended before \Hy@setref@link was complete.
<to be read again> 
                   \par 
l.408 
      
I suspect you've forgotten a `}', causing me to apply this
control sequence to too much text. How can we recover?
My plan is to forget the whole thing and hope for the best.

Runaway argument?
{\@firstoffive }\fi ) is that the magnitudes of the values were not c\ETC.
! Paragraph ended before \Hy@setref@link was complete.
<to be read again> 
                   \par 
l.421 	
       
I suspect you've forgotten a `}', causing me to apply this
control sequence to too much text. How can we recover?
My plan is to forget the whole thing and hope for the best.

<figures/e_expl_curve.png, id=457, 83.45662pt x 57.816pt>
File: figures/e_expl_curve.png Graphic file (type png)
<use figures/e_expl_curve.png>
Package pdftex.def Info: figures/e_expl_curve.png  used on input line 424.
(pdftex.def)             Requested size: 199.0pt x 137.86575pt.
Runaway argument?
{\@firstoffive }\fi , the first 100 samples of each run was removed f\ETC.
! Paragraph ended before \Hy@setref@link was complete.
<to be read again> 
                   \par 
l.433 	
       
I suspect you've forgotten a `}', causing me to apply this
control sequence to too much text. How can we recover?
My plan is to forget the whole thing and hope for the best.

[20 <./figures/e_expl_curve.png>]
Runaway argument?
{\@firstoffive }\fi  on the histogram for 140\textdegree C 
! Paragraph ended before \Hy@setref@link was complete.
<to be read again> 
                   \par 
l.449 	
       
I suspect you've forgotten a `}', causing me to apply this
control sequence to too much text. How can we recover?
My plan is to forget the whole thing and hope for the best.

) [21]
! Extra \else.
\@include ...ediate \closeout \@partaux \fi \else 
                                                  \deadcycles \z@ \@nameuse ...
l.159  \include{implementation}
                               
I'm ignoring this; it doesn't match any \if.

\openout2 = `results.aux'.

(results.tex
Chapter 4.
Runaway argument?
{\@firstoffive }\fi . As can be seen in Figure \ref {kresult_euro_fig\ETC.
! Paragraph ended before \Hy@setref@link was complete.
<to be read again> 
                   \par 
l.51 
     
I suspect you've forgotten a `}', causing me to apply this
control sequence to too much text. How can we recover?
My plan is to forget the whole thing and hope for the best.


Overfull \hbox (5.75157pt too wide) in paragraph at lines 21--51
\T1/cmr/m/n/12 The ther-mal con-duc-tiv-ity ($\OML/cmm/m/it/12 $\T1/cmr/m/n/12
 -values) at key tem-per-a-tures in-te-gral to this project,
 []

Runaway argument?
{\@firstoffive }\fi  The distribution of all the samples were plotted\ETC.
! Paragraph ended before \Hy@setref@link was complete.
<to be read again> 
                   \par 
l.57 
     
I suspect you've forgotten a `}', causing me to apply this
control sequence to too much text. How can we recover?
My plan is to forget the whole thing and hope for the best.

<figures/histograph/histo1.png, id=473, 421.575pt x 316.0608pt>
File: figures/histograph/histo1.png Graphic file (type png)
<use figures/histograph/histo1.png>
Package pdftex.def Info: figures/histograph/histo1.png  used on input line 63.
(pdftex.def)             Requested size: 179.09879pt x 134.27342pt.
<figures/histograph/histo2.png, id=474, 421.575pt x 316.0608pt>
File: figures/histograph/histo2.png Graphic file (type png)
<use figures/histograph/histo2.png>
Package pdftex.def Info: figures/histograph/histo2.png  used on input line 67.
(pdftex.def)             Requested size: 179.09879pt x 134.27342pt.
<figures/histograph/histo3.png, id=475, 421.575pt x 316.0608pt>
File: figures/histograph/histo3.png Graphic file (type png)
<use figures/histograph/histo3.png>
Package pdftex.def Info: figures/histograph/histo3.png  used on input line 71.
(pdftex.def)             Requested size: 179.09879pt x 134.27342pt.
<figures/histograph/histo4.png, id=476, 421.575pt x 316.0608pt>
File: figures/histograph/histo4.png Graphic file (type png)
<use figures/histograph/histo4.png>
Package pdftex.def Info: figures/histograph/histo4.png  used on input line 75.
(pdftex.def)             Requested size: 179.09879pt x 134.27342pt.
<figures/histograph/histo5.png, id=477, 421.575pt x 316.0608pt>
File: figures/histograph/histo5.png Graphic file (type png)
<use figures/histograph/histo5.png>
Package pdftex.def Info: figures/histograph/histo5.png  used on input line 79.
(pdftex.def)             Requested size: 179.09879pt x 134.27342pt.
<figures/histograph/histo6.png, id=478, 421.575pt x 316.0608pt>
File: figures/histograph/histo6.png Graphic file (type png)
<use figures/histograph/histo6.png>
Package pdftex.def Info: figures/histograph/histo6.png  used on input line 83.
(pdftex.def)             Requested size: 179.09879pt x 134.27342pt.
<figures/histograph/histo7.png, id=479, 421.575pt x 316.0608pt>
File: figures/histograph/histo7.png Graphic file (type png)
<use figures/histograph/histo7.png>
Package pdftex.def Info: figures/histograph/histo7.png  used on input line 87.
(pdftex.def)             Requested size: 179.09879pt x 134.27342pt.
<figures/histograph/histo8.png, id=480, 421.575pt x 316.0608pt>
File: figures/histograph/histo8.png Graphic file (type png)
<use figures/histograph/histo8.png>
Package pdftex.def Info: figures/histograph/histo8.png  used on input line 91.
(pdftex.def)             Requested size: 179.09879pt x 134.27342pt.
<figures/histograph/legend.png, id=481, 148.30406pt x 56.46094pt>
File: figures/histograph/legend.png Graphic file (type png)
<use figures/histograph/legend.png>
Package pdftex.def Info: figures/histograph/legend.png  used on input line 95.
(pdftex.def)             Requested size: 119.40121pt x 45.45912pt.

LaTeX Warning: Float too large for page by 29.05281pt on input line 98.

Runaway argument?
{\@firstoffive }\fi . The new modelled output errors are compared to \ETC.
! Paragraph ended before \Hy@setref@link was complete.
<to be read again> 
                   \par 
l.110 
      
I suspect you've forgotten a `}', causing me to apply this
control sequence to too much text. How can we recover?
My plan is to forget the whole thing and hope for the best.

[27




]
Runaway argument?
{\@firstoffive }\fi  the resulting thermal diffusivity is shown. The \ETC.
! Paragraph ended before \Hy@setref@link was complete.
<to be read again> 
                   \par 
l.137 
      
I suspect you've forgotten a `}', causing me to apply this
control sequence to too much text. How can we recover?
My plan is to forget the whole thing and hope for the best.

) [28] [29 <./figures/histograph/histo1.png (PNG copy)> <./figures/histograph/h
isto2.png (PNG copy)> <./figures/histograph/histo3.png (PNG copy)> <./figures/h
istograph/histo4.png (PNG copy)> <./figures/histograph/histo5.png (PNG copy)> <
./figures/histograph/histo6.png (PNG copy)> <./figures/histograph/histo7.png (P
NG copy)> <./figures/histograph/histo8.png (PNG copy)> <./figures/histograph/le
gend.png (PNG copy)>]
! Extra \else.
\@include ...ediate \closeout \@partaux \fi \else 
                                                  \deadcycles \z@ \@nameuse ...
l.160  \include{results}
                        
I'm ignoring this; it doesn't match any \if.

\openout2 = `discussion.aux'.

(discussion.tex
Chapter 5.
Runaway argument?
{\@firstoffive }\fi  the difference in output from running the model \ETC.
! Paragraph ended before \Hy@setref@link was complete.
<to be read again> 
                   \par 
l.7 
    
I suspect you've forgotten a `}', causing me to apply this
control sequence to too much text. How can we recover?
My plan is to forget the whole thing and hope for the best.

<figures/final_graph.png, id=507, 981.6675pt x 520.19344pt>
File: figures/final_graph.png Graphic file (type png)
<use figures/final_graph.png>
Package pdftex.def Info: figures/final_graph.png  used on input line 11.
(pdftex.def)             Requested size: 398.0pt x 210.89943pt.
[32




 <./figures/final_graph.png (PNG copy)>]) [33]
! Extra \else.
\@include ...ediate \closeout \@partaux \fi \else 
                                                  \deadcycles \z@ \@nameuse ...
l.161  \include{discussion}
                           
I'm ignoring this; it doesn't match any \if.

\openout2 = `Conclusion.aux'.

(Conclusion.tex
Chapter 6.
) [34




]
\openout2 = `mcmcCode.aux'.

 (mcmcCode.tex
Appendix A.

Package xcolor Warning: Incompatible color definition on input line 20.


Package xcolor Warning: Incompatible color definition on input line 20.


Package xcolor Warning: Incompatible color definition on input line 20.


Package xcolor Warning: Incompatible color definition on input line 20.


Package xcolor Warning: Incompatible color definition on input line 20.


Package xcolor Warning: Incompatible color definition on input line 20.


Package xcolor Warning: Incompatible color definition on input line 20.


Package xcolor Warning: Incompatible color definition on input line 20.


Package xcolor Warning: Incompatible color definition on input line 20.


Package xcolor Warning: Incompatible color definition on input line 20.


Package xcolor Warning: Incompatible color definition on input line 22.


Package xcolor Warning: Incompatible color definition on input line 22.


Package xcolor Warning: Incompatible color definition on input line 22.


Package xcolor Warning: Incompatible color definition on input line 22.


Package xcolor Warning: Incompatible color definition on input line 22.


Package xcolor Warning: Incompatible color definition on input line 22.


Package xcolor Warning: Incompatible color definition on input line 22.


Package xcolor Warning: Incompatible color definition on input line 22.


Package xcolor Warning: Incompatible color definition on input line 22.


Package xcolor Warning: Incompatible color definition on input line 22.


Package xcolor Warning: Incompatible color definition on input line 24.


Package xcolor Warning: Incompatible color definition on input line 24.


Package xcolor Warning: Incompatible color definition on input line 24.


Package xcolor Warning: Incompatible color definition on input line 24.


Package xcolor Warning: Incompatible color definition on input line 24.


Package xcolor Warning: Incompatible color definition on input line 24.


Package xcolor Warning: Incompatible color definition on input line 24.


Package xcolor Warning: Incompatible color definition on input line 24.


Package xcolor Warning: Incompatible color definition on input line 24.


Package xcolor Warning: Incompatible color definition on input line 24.


Package xcolor Warning: Incompatible color definition on input line 24.


Package xcolor Warning: Incompatible color definition on input line 24.


Package xcolor Warning: Incompatible color definition on input line 26.


Package xcolor Warning: Incompatible color definition on input line 26.


Package xcolor Warning: Incompatible color definition on input line 26.


Package xcolor Warning: Incompatible color definition on input line 26.


Package xcolor Warning: Incompatible color definition on input line 26.


Package xcolor Warning: Incompatible color definition on input line 26.


Package xcolor Warning: Incompatible color definition on input line 26.


Package xcolor Warning: Incompatible color definition on input line 26.


Package xcolor Warning: Incompatible color definition on input line 26.


Package xcolor Warning: Incompatible color definition on input line 26.


Package xcolor Warning: Incompatible color definition on input line 28.


Package xcolor Warning: Incompatible color definition on input line 28.


Package xcolor Warning: Incompatible color definition on input line 28.


Package xcolor Warning: Incompatible color definition on input line 28.


Package xcolor Warning: Incompatible color definition on input line 28.


Package xcolor Warning: Incompatible color definition on input line 28.


Package xcolor Warning: Incompatible color definition on input line 28.


Package xcolor Warning: Incompatible color definition on input line 28.


Package xcolor Warning: Incompatible color definition on input line 28.


Package xcolor Warning: Incompatible color definition on input line 28.


Package xcolor Warning: Incompatible color definition on input line 28.

[35




]

Package xcolor Warning: Incompatible color definition on input line 33.


Package xcolor Warning: Incompatible color definition on input line 33.


Package xcolor Warning: Incompatible color definition on input line 33.


Package xcolor Warning: Incompatible color definition on input line 33.


Package xcolor Warning: Incompatible color definition on input line 33.


Package xcolor Warning: Incompatible color definition on input line 33.


Package xcolor Warning: Incompatible color definition on input line 33.


Package xcolor Warning: Incompatible color definition on input line 33.


Package xcolor Warning: Incompatible color definition on input line 33.


Package xcolor Warning: Incompatible color definition on input line 33.


Package xcolor Warning: Incompatible color definition on input line 33.


Package xcolor Warning: Incompatible color definition on input line 33.


Package xcolor Warning: Incompatible color definition on input line 33.


Package xcolor Warning: Incompatible color definition on input line 33.


Package xcolor Warning: Incompatible color definition on input line 33.


Package xcolor Warning: Incompatible color definition on input line 33.


Package xcolor Warning: Incompatible color definition on input line 33.


Package xcolor Warning: Incompatible color definition on input line 33.


Package xcolor Warning: Incompatible color definition on input line 33.


Package xcolor Warning: Incompatible color definition on input line 33.


Package xcolor Warning: Incompatible color definition on input line 33.


Package xcolor Warning: Incompatible color definition on input line 33.


Package xcolor Warning: Incompatible color definition on input line 33.


Package xcolor Warning: Incompatible color definition on input line 33.


Package xcolor Warning: Incompatible color definition on input line 33.


Package xcolor Warning: Incompatible color definition on input line 33.


Package xcolor Warning: Incompatible color definition on input line 33.


Package xcolor Warning: Incompatible color definition on input line 33.


Package xcolor Warning: Incompatible color definition on input line 33.


Package xcolor Warning: Incompatible color definition on input line 33.


Package xcolor Warning: Incompatible color definition on input line 33.


Package xcolor Warning: Incompatible color definition on input line 33.


Package xcolor Warning: Incompatible color definition on input line 33.


Package xcolor Warning: Incompatible color definition on input line 33.


Package xcolor Warning: Incompatible color definition on input line 33.


Package xcolor Warning: Incompatible color definition on input line 33.


Package xcolor Warning: Incompatible color definition on input line 33.


Package xcolor Warning: Incompatible color definition on input line 33.


Package xcolor Warning: Incompatible color definition on input line 33.


Package xcolor Warning: Incompatible color definition on input line 33.


Package xcolor Warning: Incompatible color definition on input line 33.


Package xcolor Warning: Incompatible color definition on input line 33.


Package xcolor Warning: Incompatible color definition on input line 33.


Package xcolor Warning: Incompatible color definition on input line 33.


Package xcolor Warning: Incompatible color definition on input line 33.


Package xcolor Warning: Incompatible color definition on input line 33.


Package xcolor Warning: Incompatible color definition on input line 33.


Package xcolor Warning: Incompatible color definition on input line 33.


Package xcolor Warning: Incompatible color definition on input line 33.


Package xcolor Warning: Incompatible color definition on input line 33.


Package xcolor Warning: Incompatible color definition on input line 33.


Package xcolor Warning: Incompatible color definition on input line 33.


Package xcolor Warning: Incompatible color definition on input line 33.


Package xcolor Warning: Incompatible color definition on input line 33.


Package xcolor Warning: Incompatible color definition on input line 33.


Package xcolor Warning: Incompatible color definition on input line 33.


Package xcolor Warning: Incompatible color definition on input line 33.


Package xcolor Warning: Incompatible color definition on input line 33.


Package xcolor Warning: Incompatible color definition on input line 33.


Package xcolor Warning: Incompatible color definition on input line 33.


Package xcolor Warning: Incompatible color definition on input line 33.

Runaway argument?
{\@firstoffive }\fi . \begin {lstlisting} function udepths = model_ki\ETC.
! Paragraph ended before \Hy@setref@link was complete.
<to be read again> 
                   \par 
l.45 
     
I suspect you've forgotten a `}', causing me to apply this
control sequence to too much text. How can we recover?
My plan is to forget the whole thing and hope for the best.

! Missing $ inserted.
<inserted text> 
                $
l.46 global_
            time;
I've inserted a begin-math/end-math symbol since I think
you left one out. Proceed, with fingers crossed.

! Missing $ inserted.
<inserted text> 
                $
l.50 
     
I've inserted a begin-math/end-math symbol since I think
you left one out. Proceed, with fingers crossed.


Overfull \hbox (24.44064pt too wide) in paragraph at lines 86--91
[]\T1/cmr/m/n/12 Fdir = Kmat0*ddir + Mmat0*vdir; Fvec0 = Fvec0 - Fdir; Kmat = K
mat0(2:end-
 []


Overfull \hbox (22.81233pt too wide) in paragraph at lines 93--96
[]\T1/cmr/m/n/12 [unode(2:end-1,i), vnode(2:end-1,i)] = dvnext( unode(2:end-1,i
-1), vnode(2:end-
 []


Overfull \hbox (14.6765pt too wide) in paragraph at lines 103--110
[]\T1/cmr/m/n/12 udepth1 = un-ode(count(1),2:end); udepth2 = un-ode(count(2),2:
end); udepth3
 []


Overfull \hbox (59.70299pt too wide) in paragraph at lines 103--110
\T1/cmr/m/n/12 ode(count(5),2:end); udepth6 = un-ode(count(6),2:end); udepth7 =
 un-ode(count(7),2:end); 
 []


! Undefined control sequence.
\lstlisting ->\def \lstenv@name 
                                {lstlisting}\begingroup \lst@setcatcodes \ca...
l.116 \end{lstlisting}
                      
The control sequence at the end of the top line
of your error message was never \def'ed. If you have
misspelled it (e.g., `\hobx'), type `I' and the correct
spelling (e.g., `I\hbox'). Otherwise just continue,
and I'll forget about whatever was undefined.

! Package Listings Error: Extra \endlstlisting.

See the Listings package documentation for explanation.
Type  H <return>  for immediate help.
 ...                                              
                                                  
l.116 \end{lstlisting}
                      
I'm ignoring this, since I wasn't doing a \def {lstlisting}\begingroup \makeatl
etter \catcode `\==12\relax \catcode \active =\active \lstlisting@.


! LaTeX Error: \begin{document} ended by \end{lstlisting}.

See the LaTeX manual or LaTeX Companion for explanation.
Type  H <return>  for immediate help.
 ...                                              
                                                  
l.116 \end{lstlisting}
                      
Your command was ignored.
Type  I <command> <return>  to replace it with another command,
or  <return>  to continue without it.

! Extra \endgroup.
<recently read> \endgroup 
                          
l.116 \end{lstlisting}
                      
Things are pretty mixed up, but I think the worst is over.

[36]

Package xcolor Warning: Incompatible color definition on input line 149.


Package xcolor Warning: Incompatible color definition on input line 149.


Package xcolor Warning: Incompatible color definition on input line 149.

) [37]
! Extra \else.
\@include ...ediate \closeout \@partaux \fi \else 
                                                  \deadcycles \z@ \@nameuse ...
l.167 \include{mcmcCode}
                        
I'm ignoring this; it doesn't match any \if.

\openout2 = `result_app.aux'.

(result_app.tex
Appendix B.
<figures/final_graph_ver.png, id=605, 520.19344pt x 981.6675pt>
File: figures/final_graph_ver.png Graphic file (type png)
<use figures/final_graph_ver.png>
Package pdftex.def Info: figures/final_graph_ver.png  used on input line 5.
(pdftex.def)             Requested size: 318.40121pt x 600.85345pt.
) [39




] [40 <./figures/final_graph_ver.png>]
\openout2 = `derive_app.aux'.

 (derive_app.tex
Appendix C.

LaTeX Warning: Reference `appheateq1' on page 41 undefined on input line 6.


LaTeX Warning: Reference `appheateq2' on page 41 undefined on input line 6.


LaTeX Warning: Reference `appheateq2' on page 41 undefined on input line 8.


LaTeX Warning: Reference `appheateq1' on page 41 undefined on input line 9.


LaTeX Warning: Reference `appheateq3' on page 41 undefined on input line 9.


LaTeX Warning: Reference `appheateq3' on page 41 undefined on input line 18.

Runaway argument?
{\@firstoffive }\fi  is obtained. \begin {equation} \label {appbasisf\ETC.
! Paragraph ended before \Hy@setref@link was complete.
<to be read again> 
                   \par 
l.28 
     
I suspect you've forgotten a `}', causing me to apply this
control sequence to too much text. How can we recover?
My plan is to forget the whole thing and hope for the best.

[41




]
Runaway argument?
{\@firstoffive }\fi . \begin {equation} \label {appfemboundeq1} q_{\text \ETC.
! Paragraph ended before \Hy@setref@link was complete.
<to be read again> 
                   \par 
l.82 	
      
I suspect you've forgotten a `}', causing me to apply this
control sequence to too much text. How can we recover?
My plan is to forget the whole thing and hope for the best.

Runaway argument?
{\@firstoffive }\fi (2) into \ref {appfemdiffeq1} and taking the deri\ETC.
! Paragraph ended before \Hy@setref@link was complete.
<to be read again> 
                   \par 
l.89 
     
I suspect you've forgotten a `}', causing me to apply this
control sequence to too much text. How can we recover?
My plan is to forget the whole thing and hope for the best.

Runaway argument?
{\@firstoffive }\fi  a special approximation is made to obtain Equati\ETC.
! Paragraph ended before \Hy@setref@link was complete.
<to be read again> 
                   \par 
l.116 
      
I suspect you've forgotten a `}', causing me to apply this
control sequence to too much text. How can we recover?
My plan is to forget the whole thing and hope for the best.

[42]
Runaway argument?
{\@firstoffive }\fi . \begin {equation}\label {appeqdn1} \vec {d}_{n+\ETC.
! Paragraph ended before \Hy@setref@link was complete.
<to be read again> 
                   \par 
l.167 
      
I suspect you've forgotten a `}', causing me to apply this
control sequence to too much text. How can we recover?
My plan is to forget the whole thing and hope for the best.

[43]
Runaway argument?
{\@firstoffive }\fi . \begin {equation} \label {appMeExampleeq1} \begin \ETC.
! Paragraph ended before \Hy@setref@link was complete.
<to be read again> 
                   \par 
l.261 
      
I suspect you've forgotten a `}', causing me to apply this
control sequence to too much text. How can we recover?
My plan is to forget the whole thing and hope for the best.

[44]
Runaway argument?
{\@firstoffive }\fi ,\ref {appMeExampleeq2} and \ref {MeExampleeq3}: \ETC.
! Paragraph ended before \Hy@setref@link was complete.
<to be read again> 
                   \par 
l.306 
      
I suspect you've forgotten a `}', causing me to apply this
control sequence to too much text. How can we recover?
My plan is to forget the whole thing and hope for the best.

Runaway argument?
{\@firstoffive }\fi ) are applied to the matrices shown in Equation \ref \ETC.
! Paragraph ended before \Hy@setref@link was complete.
<to be read again> 
                   \par 
l.386 
      
I suspect you've forgotten a `}', causing me to apply this
control sequence to too much text. How can we recover?
My plan is to forget the whole thing and hope for the best.

[45]) [46]
! Extra \else.
\@include ...ediate \closeout \@partaux \fi \else 
                                                  \deadcycles \z@ \@nameuse ...
l.169 \include{derive_app}
                          
I'm ignoring this; it doesn't match any \if.

\openout2 = `Program.aux'.

(Program.tex
Appendix D.
)
Overfull \hbox (40.43484pt too wide) in paragraph at lines 3--170
[] 
 []

[48




]
\openout2 = `GA_outcomes.aux'.

 (GA_outcomes.tex
Appendix E.
Runaway argument?
{\@firstoffive }\fi  the problem as well as the relevant aims and obj\ETC.
! Paragraph ended before \Hy@setref@link was complete.
<to be read again> 
                   \par 
l.19 
     
I suspect you've forgotten a `}', causing me to apply this
control sequence to too much text. How can we recover?
My plan is to forget the whole thing and hope for the best.

) [49




]
! Extra \else.
\@include ...ediate \closeout \@partaux \fi \else 
                                                  \deadcycles \z@ \@nameuse ...
l.171 \include{GA_outcomes}
                           
I'm ignoring this; it doesn't match any \if.

(Liza_report_rewrite.bbl
(C:\Program Files\MiKTeX\tex/latex/stellenbosch\usbib.eng)
Underfull \hbox (badness 10000) in paragraph at lines 23--27
\T1/cmr/m/n/10.95 Available at: []$\T1/cmtt/m/n/10.95 https : / / machinelearni
ngmastery . com /
 []


Underfull \hbox (badness 10000) in paragraph at lines 50--54
\T1/cmr/m/n/10.95 Available at: []$\T1/cmtt/m/n/10.95 https : / / www . johndco
ok . com / blog / 2016 / 01 / 25 /
 []


Underfull \hbox (badness 10000) in paragraph at lines 50--54
\T1/cmtt/m/n/10.95 mcmc-[]burn-[]in / comment-[]page-[]1 / ?unapproved = 109421
4 & moderation-[]hash =
 []


Underfull \hbox (badness 6808) in paragraph at lines 64--68
\T1/cmr/m/n/10.95 Available at: []$\T1/cmtt/m/n/10.95 https : / / www . mathwor
ks . com / matlabcentral / fileexchange /
 []


! Package babel Error: You haven't defined the language 'eng' yet.
(babel)                Perhaps you misspelled it or your installation
(babel)                is not complete.

See the babel package documentation for explanation.
Type  H <return>  for immediate help.
 ...                                              
                                                  
l.71 \newblock {\selectlanguage{eng}
                                    \emph{A first course in finite elements}}.
Your command will be ignored, type <return> to proceed


! Package babel Error: You haven't defined the language 'eng' yet.
(babel)                Perhaps you misspelled it or your installation
(babel)                is not complete.

See the babel package documentation for explanation.
Type  H <return>  for immediate help.
 ...                                              
                                                  
l.97 \newblock {\selectlanguage{eng}
                                    \emph{Markov chain Monte Carlo in practi...

Your command will be ignored, type <return> to proceed

[51




]
Underfull \hbox (badness 10000) in paragraph at lines 183--191
\T1/cmr/m/n/10.95 Available at: []$\T1/cmtt/m/n/10.95 https : / / www . science
direct . com / science / article / pii /
 []


Underfull \hbox (badness 10000) in paragraph at lines 194--206
\T1/cmr/m/n/10.95 Available at: []$\T1/cmtt/m/n/10.95 https : / / www . science
direct . com / science / article / pii /
 []

[52])

Package natbib Warning: There were undefined citations.

[53] (Liza_report_rewrite.aux (verklaring.aux) (abstract.aux) (nomenkl.aux)
(Introduction.aux) (techfoundation.aux) (implementation.aux) (results.aux)
(discussion.aux) (Conclusion.aux) (mcmcCode.aux) (result_app.aux)
(derive_app.aux) (Program.aux) (GA_outcomes.aux))

LaTeX Warning: There were undefined references.


LaTeX Warning: There were multiply-defined labels.


Package rerunfilecheck Warning: File `Liza_report_rewrite.out' has changed.
(rerunfilecheck)                Rerun to get outlines right
(rerunfilecheck)                or use package `bookmark'.

Package rerunfilecheck Info: Checksums for `Liza_report_rewrite.out':
(rerunfilecheck)             Before: C1F72AAEC520B4067C32F490580B22DF;6865
(rerunfilecheck)             After:  5142F755AD77DBC96D4AFB234775C8CE;6067.
 )
(\end occurred when \ifnum on line 171 was incomplete)
(\end occurred when \ifx on line 240 was incomplete)
(\end occurred when \ifx on line 163 was incomplete)
(\end occurred when \ifx on line 115 was incomplete)
(\end occurred when \ifx on line 87 was incomplete)
(\end occurred when \ifx on line 68 was incomplete)
(\end occurred when \ifx on line 19 was incomplete)
(\end occurred when \iftrue on line 169 was incomplete)
(\end occurred when \ifnum on line 169 was incomplete)
(\end occurred when \ifnum on line 167 was incomplete)
(\end occurred when \ifnum on line 161 was incomplete)
(\end occurred when \ifx on line 53 was incomplete)
(\end occurred when \ifx on line 21 was incomplete)
(\end occurred when \iftrue on line 160 was incomplete)
(\end occurred when \ifnum on line 160 was incomplete)
(\end occurred when \ifx on line 413 was incomplete)
(\end occurred when \ifx on line 386 was incomplete)
(\end occurred when \ifx on line 382 was incomplete)
(\end occurred when \ifx on line 373 was incomplete)
(\end occurred when \ifx on line 356 was incomplete)
(\end occurred when \ifx on line 332 was incomplete)
(\end occurred when \ifx on line 317 was incomplete)
(\end occurred when \ifx on line 299 was incomplete)
(\end occurred when \ifx on line 293 was incomplete)
(\end occurred when \ifx on line 276 was incomplete)
(\end occurred when \ifx on line 271 was incomplete)
(\end occurred when \ifx on line 268 was incomplete)
(\end occurred when \ifx on line 230 was incomplete)
(\end occurred when \ifx on line 198 was incomplete)
(\end occurred when \ifx on line 182 was incomplete)
(\end occurred when \ifx on line 161 was incomplete)
(\end occurred when \ifx on line 103 was incomplete)
(\end occurred when \ifx on line 57 was incomplete)
(\end occurred when \ifx on line 2 was incomplete)
(\end occurred when \iftrue on line 159 was incomplete)
(\end occurred when \ifnum on line 159 was incomplete)
(\end occurred when \ifx on line 170 was incomplete)
(\end occurred when \ifx on line 163 was incomplete)
(\end occurred when \ifx on line 107 was incomplete)
(\end occurred when \ifx on line 97 was incomplete)
(\end occurred when \ifx on line 90 was incomplete)
(\end occurred when \ifx on line 56 was incomplete)
(\end occurred when \ifx on line 44 was incomplete)
(\end occurred when \iftrue on line 158 was incomplete)
(\end occurred when \ifnum on line 158 was incomplete)
(\end occurred when \ifnum on line 157 was incomplete) 
Here is how much of TeX's memory you used:
 15904 strings out of 478864
 232100 string characters out of 2858494
 756869 words of memory out of 3000000
 33113 multiletter control sequences out of 15000+600000
 437369 words of font info for 113 fonts, out of 8000000 for 9000
 1141 hyphenation exceptions out of 8191
 60i,16n,66p,450b,1872s stack positions out of 5000i,500n,10000p,200000b,80000s
pdfTeX warning (dest): na
me{section*.24} has been referenced but does not exist, replaced by a fixed one


pdfTeX warning (dest): name{section.3.4} has been referenced but does not exist
, replaced by a fixed one

pdfTeX warning (dest): name{subsection.3.3.3} has been referenced but does not 
exist, replaced by a fixed one

pdfTeX warning (dest): name{subsection.3.3.2} has been referenced but does not 
exist, replaced by a fixed one

pdfTeX warning (dest): name{subsection.3.3.1} has been referenced but does not 
exist, replaced by a fixed one

pdfTeX warning (dest): name{section.2.5} has been referenced but does not exist
, replaced by a fixed one

pdfTeX warning (dest): name{subsection.2.4.3} has been referenced but does not 
exist, replaced by a fixed one

pdfTeX warning (dest): name{subsection.2.4.2} has been referenced but does not 
exist, replaced by a fixed one

pdfTeX warning (dest): name{subsection.2.4.1} has been referenced but does not 
exist, replaced by a fixed one

pdfTeX warning (dest): name{subsection.2.1.1} has been referenced but does not 
exist, replaced by a fixed one

 <C:\Users\Liza Stewart\AppData\Local\MiKTeX\fonts/pk/ljfour/jknappen/ec/dpi600
\ecti1095.pk> <C:\Users\Liza Stewart\AppData\Local\MiKTeX\fonts/pk/ljfour/jknap
pen/ec/dpi600\ecrm1000.pk> <C:\Users\Liza Stewart\AppData\Local\MiKTeX\fonts/pk
/ljfour/jknappen/ec/dpi600\ectt1095.pk> <C:\Users\Liza Stewart\AppData\Local\Mi
KTeX\fonts/pk/ljfour/jknappen/ec/dpi600\ectt1200.pk> <C:\Users\Liza Stewart\App
Data\Local\MiKTeX\fonts/pk/ljfour/jknappen/ec/dpi600\ecrm0800.pk> <C:\Users\Liz
a Stewart\AppData\Local\MiKTeX\fonts/pk/ljfour/jknappen/ec/dpi600\ecbx1440.pk> 
<C:\Users\Liza Stewart\AppData\Local\MiKTeX\fonts/pk/ljfour/jknappen/ec/dpi600\
tcrm1200.pk> <C:\Users\Liza Stewart\AppData\Local\MiKTeX\fonts/pk/ljfour/jknapp
en/ec/dpi600\ecrm1095.pk> <C:\Users\Liza Stewart\AppData\Local\MiKTeX\fonts/pk/
ljfour/jknappen/ec/dpi600\ecbx1095.pk> <C:\Users\Liza Stewart\AppData\Local\MiK
TeX\fonts/pk/ljfour/jknappen/ec/dpi600\ecsl1095.pk> <C:\Users\Liza Stewart\AppD
ata\Local\MiKTeX\fonts/pk/ljfour/jknappen/ec/dpi600\ecti1200.pk> <C:\Users\Liza
 Stewart\AppData\Local\MiKTeX\fonts/pk/ljfour/jknappen/ec/dpi600\ecbx1728.pk> <
C:\Users\Liza Stewart\AppData\Local\MiKTeX\fonts/pk/ljfour/jknappen/ec/dpi600\e
crm0600.pk> <C:\Users\Liza Stewart\AppData\Local\MiKTeX\fonts/pk/ljfour/jknappe
n/ec/dpi600\ecbx1200.pk> <C:\Users\Liza Stewart\AppData\Local\MiKTeX\fonts/pk/l
jfour/jknappen/ec/dpi600\ecbx2488.pk> <C:\Users\Liza Stewart\AppData\Local\MiKT
eX\fonts/pk/ljfour/jknappen/ec/dpi600\ecrm1200.pk> <C:\Users\Liza Stewart\AppDa
ta\Local\MiKTeX\fonts/pk/ljfour/jknappen/ec/dpi600\ecsl1440.pk> <C:\Users\Liza 
Stewart\AppData\Local\MiKTeX\fonts/pk/ljfour/jknappen/ec/dpi600\ecrm1728.pk> <C
:\Users\Liza Stewart\AppData\Local\MiKTeX\fonts/pk/ljfour/jknappen/ec/dpi600\ec
rm1440.pk> <C:\Users\Liza Stewart\AppData\Local\MiKTeX\fonts/pk/ljfour/jknappen
/ec/dpi600\ecrm2074.pk><C:/Program Files/MiKTeX/fonts/type1/public/amsfonts/cm/
cmbx12.pfb><C:/Program Files/MiKTeX/fonts/type1/public/amsfonts/cm/cmex10.pfb><
C:/Program Files/MiKTeX/fonts/type1/public/amsfonts/cm/cmmi10.pfb><C:/Program F
iles/MiKTeX/fonts/type1/public/amsfonts/cm/cmmi12.pfb><C:/Program Files/MiKTeX/
fonts/type1/public/amsfonts/cm/cmmi6.pfb><C:/Program Files/MiKTeX/fonts/type1/p
ublic/amsfonts/cm/cmmi8.pfb><C:/Program Files/MiKTeX/fonts/type1/public/amsfont
s/cm/cmmib10.pfb><C:/Program Files/MiKTeX/fonts/type1/public/amsfonts/cm/cmr12.
pfb><C:/Program Files/MiKTeX/fonts/type1/public/amsfonts/cm/cmr8.pfb><C:/Progra
m Files/MiKTeX/fonts/type1/public/amsfonts/cm/cmsy10.pfb><C:/Program Files/MiKT
eX/fonts/type1/public/amsfonts/cm/cmsy5.pfb><C:/Program Files/MiKTeX/fonts/type
1/public/amsfonts/cm/cmsy6.pfb><C:/Program Files/MiKTeX/fonts/type1/public/amsf
onts/cm/cmsy8.pfb><C:/Program Files/MiKTeX/fonts/type1/public/amsfonts/symbols/
msam10.pfb>
Output written on Liza_report_rewrite.pdf (47 pages, 2119861 bytes).
PDF statistics:
 1528 PDF objects out of 1728 (max. 8388607)
 291 named destinations out of 1000 (max. 500000)
 467 words of extra memory for PDF output out of 10000 (max. 10000000)

